<?xml version="1.0" encoding="UTF-8"?>
<coverage generated="1745191409302" clover="3.2.0">
  <project timestamp="1745191409302" name="All files">
    <metrics statements="173" coveredstatements="98" conditionals="79" coveredconditionals="39" methods="19" coveredmethods="11" elements="271" coveredelements="148" complexity="0" loc="173" ncloc="173" packages="1" files="1" classes="1"/>
    <file name="scriptParser.js" path="/Users/arkadiuszfudali/site2data/backend/src/utils/scriptParser.js">
      <metrics statements="173" coveredstatements="98" conditionals="79" coveredconditionals="39" methods="19" coveredmethods="11"/>
      <line num="1" count="1" type="stmt"/>
      <line num="2" count="1" type="stmt"/>
      <line num="7" count="1" type="stmt"/>
      <line num="30" count="4" type="stmt"/>
      <line num="31" count="4" type="stmt"/>
      <line num="32" count="3" type="stmt"/>
      <line num="34" count="3" type="stmt"/>
      <line num="37" count="20112" type="stmt"/>
      <line num="38" count="20112" type="stmt"/>
      <line num="41" count="3" type="stmt"/>
      <line num="42" count="3" type="stmt"/>
      <line num="45" count="3" type="stmt"/>
      <line num="46" count="3" type="cond" truecount="1" falsecount="1"/>
      <line num="47" count="0" type="stmt"/>
      <line num="48" count="3" type="cond" truecount="1" falsecount="1"/>
      <line num="49" count="3" type="stmt"/>
      <line num="51" count="0" type="stmt"/>
      <line num="52" count="0" type="stmt"/>
      <line num="56" count="3" type="stmt"/>
      <line num="57" count="3" type="stmt"/>
      <line num="59" count="3" type="stmt"/>
      <line num="60" count="354" type="stmt"/>
      <line num="61" count="303" type="stmt"/>
      <line num="64" count="3" type="stmt"/>
      <line num="76" count="1" type="stmt"/>
      <line num="77" count="1" type="stmt"/>
      <line num="83" count="3" type="stmt"/>
      <line num="84" count="3" type="stmt"/>
      <line num="86" count="3" type="stmt"/>
      <line num="88" count="300" type="stmt"/>
      <line num="89" count="600" type="cond" truecount="1" falsecount="1"/>
      <line num="90" count="0" type="stmt"/>
      <line num="91" count="0" type="stmt"/>
      <line num="96" count="300" type="cond" truecount="5" falsecount="0"/>
      <line num="99" count="3" type="stmt"/>
      <line num="103" count="3" type="cond" truecount="1" falsecount="1"/>
      <line num="104" count="0" type="stmt"/>
      <line num="105" count="3" type="cond" truecount="1" falsecount="1"/>
      <line num="106" count="3" type="stmt"/>
      <line num="109" count="0" type="stmt"/>
      <line num="113" count="0" type="stmt"/>
      <line num="114" count="0" type="stmt"/>
      <line num="115" count="0" type="stmt"/>
      <line num="117" count="0" type="stmt"/>
      <line num="118" count="0" type="stmt"/>
      <line num="121" count="0" type="stmt"/>
      <line num="122" count="0" type="stmt"/>
      <line num="123" count="0" type="cond" truecount="0" falsecount="2"/>
      <line num="124" count="0" type="stmt"/>
      <line num="125" count="0" type="stmt"/>
      <line num="129" count="0" type="cond" truecount="0" falsecount="2"/>
      <line num="130" count="0" type="cond" truecount="0" falsecount="2"/>
      <line num="131" count="0" type="stmt"/>
      <line num="132" count="0" type="stmt"/>
      <line num="133" count="0" type="stmt"/>
      <line num="136" count="0" type="stmt"/>
      <line num="150" count="0" type="stmt"/>
      <line num="153" count="0" type="cond" truecount="0" falsecount="2"/>
      <line num="156" count="0" type="stmt"/>
      <line num="157" count="0" type="stmt"/>
      <line num="158" count="0" type="stmt"/>
      <line num="159" count="0" type="stmt"/>
      <line num="160" count="0" type="stmt"/>
      <line num="161" count="0" type="stmt"/>
      <line num="163" count="0" type="cond" truecount="0" falsecount="4"/>
      <line num="164" count="0" type="stmt"/>
      <line num="165" count="0" type="cond" truecount="0" falsecount="2"/>
      <line num="166" count="0" type="stmt"/>
      <line num="167" count="0" type="stmt"/>
      <line num="171" count="0" type="cond" truecount="0" falsecount="2"/>
      <line num="172" count="0" type="stmt"/>
      <line num="173" count="0" type="stmt"/>
      <line num="174" count="0" type="stmt"/>
      <line num="180" count="0" type="stmt"/>
      <line num="181" count="0" type="cond" truecount="0" falsecount="2"/>
      <line num="182" count="0" type="stmt"/>
      <line num="183" count="0" type="stmt"/>
      <line num="184" count="0" type="stmt"/>
      <line num="190" count="0" type="stmt"/>
      <line num="191" count="0" type="cond" truecount="0" falsecount="2"/>
      <line num="192" count="0" type="stmt"/>
      <line num="193" count="0" type="stmt"/>
      <line num="194" count="0" type="stmt"/>
      <line num="200" count="0" type="stmt"/>
      <line num="201" count="0" type="cond" truecount="0" falsecount="2"/>
      <line num="202" count="0" type="stmt"/>
      <line num="204" count="0" type="stmt"/>
      <line num="209" count="0" type="cond" truecount="0" falsecount="2"/>
      <line num="210" count="0" type="stmt"/>
      <line num="211" count="0" type="stmt"/>
      <line num="215" count="0" type="stmt"/>
      <line num="216" count="0" type="stmt"/>
      <line num="219" count="0" type="stmt"/>
      <line num="223" count="3" type="stmt"/>
      <line num="224" count="3" type="stmt"/>
      <line num="225" count="3" type="stmt"/>
      <line num="226" count="3" type="stmt"/>
      <line num="227" count="3" type="stmt"/>
      <line num="228" count="3" type="stmt"/>
      <line num="230" count="3" type="stmt"/>
      <line num="231" count="19647" type="stmt"/>
      <line num="234" count="19647" type="stmt"/>
      <line num="235" count="19647" type="cond" truecount="2" falsecount="0"/>
      <line num="236" count="306" type="stmt"/>
      <line num="237" count="306" type="stmt"/>
      <line num="238" count="306" type="stmt"/>
      <line num="239" count="306" type="stmt"/>
      <line num="243" count="19341" type="cond" truecount="2" falsecount="0"/>
      <line num="244" count="534" type="stmt"/>
      <line num="245" count="534" type="cond" truecount="2" falsecount="0"/>
      <line num="247" count="303" type="cond" truecount="2" falsecount="0"/>
      <line num="248" count="300" type="stmt"/>
      <line num="249" count="300" type="stmt"/>
      <line num="250" count="300" type="stmt"/>
      <line num="253" count="303" type="stmt"/>
      <line num="255" count="303" type="stmt"/>
      <line num="270" count="303" type="stmt"/>
      <line num="271" count="303" type="stmt"/>
      <line num="275" count="19038" type="cond" truecount="2" falsecount="0"/>
      <line num="276" count="9" type="stmt"/>
      <line num="277" count="9" type="stmt"/>
      <line num="281" count="19029" type="stmt"/>
      <line num="282" count="19029" type="stmt"/>
      <line num="283" count="19029" type="stmt"/>
      <line num="284" count="19029" type="stmt"/>
      <line num="285" count="19029" type="stmt"/>
      <line num="286" count="19029" type="stmt"/>
      <line num="288" count="19029" type="cond" truecount="4" falsecount="0"/>
      <line num="289" count="12" type="stmt"/>
      <line num="290" count="12" type="stmt"/>
      <line num="293" count="12" type="cond" truecount="3" falsecount="1"/>
      <line num="294" count="12" type="stmt"/>
      <line num="298" count="12" type="stmt"/>
      <line num="300" count="19017" type="cond" truecount="2" falsecount="0"/>
      <line num="301" count="558" type="stmt"/>
      <line num="302" count="558" type="stmt"/>
      <line num="303" count="558" type="stmt"/>
      <line num="304" count="558" type="stmt"/>
      <line num="308" count="18459" type="cond" truecount="1" falsecount="1"/>
      <line num="309" count="0" type="stmt"/>
      <line num="310" count="0" type="stmt"/>
      <line num="311" count="0" type="stmt"/>
      <line num="317" count="0" type="stmt"/>
      <line num="318" count="18459" type="cond" truecount="1" falsecount="1"/>
      <line num="319" count="0" type="stmt"/>
      <line num="320" count="0" type="stmt"/>
      <line num="321" count="0" type="stmt"/>
      <line num="327" count="0" type="stmt"/>
      <line num="328" count="18459" type="cond" truecount="1" falsecount="1"/>
      <line num="329" count="0" type="stmt"/>
      <line num="330" count="0" type="stmt"/>
      <line num="331" count="0" type="stmt"/>
      <line num="337" count="0" type="stmt"/>
      <line num="338" count="18459" type="cond" truecount="1" falsecount="1"/>
      <line num="339" count="0" type="stmt"/>
      <line num="341" count="18459" type="stmt"/>
      <line num="346" count="3" type="cond" truecount="1" falsecount="1"/>
      <line num="347" count="3" type="stmt"/>
      <line num="348" count="3" type="stmt"/>
      <line num="352" count="3" type="stmt"/>
      <line num="353" count="303" type="stmt"/>
      <line num="356" count="3" type="stmt"/>
      <line num="361" count="3" type="stmt"/>
      <line num="362" count="3" type="cond" truecount="3" falsecount="1"/>
      <line num="363" count="3" type="stmt"/>
      <line num="366" count="0" type="stmt"/>
      <line num="371" count="3" type="stmt"/>
      <line num="372" count="3" type="stmt"/>
      <line num="373" count="6" type="stmt"/>
      <line num="374" count="6" type="cond" truecount="2" falsecount="0"/>
      <line num="375" count="3" type="stmt"/>
      <line num="378" count="0" type="stmt"/>
      <line num="382" count="1" type="stmt"/>
    </file>
  </project>
</coverage>
