{"/Users/arkadiuszfudali/site2data/backend/src/utils/scriptParser.js": {"path":"/Users/arkadiuszfudali/site2data/backend/src/utils/scriptParser.js","statementMap":{"0":{"start":{"line":1,"column":17},"end":{"line":1,"column":37}},"1":{"start":{"line":2,"column":11},"end":{"line":2,"column":24}},"2":{"start":{"line":7,"column":4},"end":{"line":26,"column":6}},"3":{"start":{"line":30,"column":4},"end":{"line":78,"column":5}},"4":{"start":{"line":31,"column":25},"end":{"line":31,"column":50}},"5":{"start":{"line":32,"column":19},"end":{"line":32,"column":45}},"6":{"start":{"line":34,"column":20},"end":{"line":38,"column":40}},"7":{"start":{"line":37,"column":21},"end":{"line":37,"column":32}},"8":{"start":{"line":38,"column":24},"end":{"line":38,"column":39}},"9":{"start":{"line":41,"column":21},"end":{"line":41,"column":66}},"10":{"start":{"line":42,"column":6},"end":{"line":42,"column":59}},"11":{"start":{"line":45,"column":19},"end":{"line":45,"column":21}},"12":{"start":{"line":46,"column":6},"end":{"line":53,"column":7}},"13":{"start":{"line":47,"column":8},"end":{"line":47,"column":50}},"14":{"start":{"line":48,"column":13},"end":{"line":53,"column":7}},"15":{"start":{"line":49,"column":8},"end":{"line":49,"column":60}},"16":{"start":{"line":51,"column":8},"end":{"line":51,"column":94}},"17":{"start":{"line":52,"column":8},"end":{"line":52,"column":50}},"18":{"start":{"line":56,"column":31},"end":{"line":56,"column":40}},"19":{"start":{"line":57,"column":27},"end":{"line":57,"column":28}},"20":{"start":{"line":59,"column":6},"end":{"line":62,"column":9}},"21":{"start":{"line":60,"column":8},"end":{"line":60,"column":73}},"22":{"start":{"line":60,"column":40},"end":{"line":60,"column":71}},"23":{"start":{"line":61,"column":8},"end":{"line":61,"column":48}},"24":{"start":{"line":64,"column":6},"end":{"line":74,"column":8}},"25":{"start":{"line":76,"column":6},"end":{"line":76,"column":55}},"26":{"start":{"line":77,"column":6},"end":{"line":77,"column":18}},"27":{"start":{"line":83,"column":30},"end":{"line":83,"column":31}},"28":{"start":{"line":84,"column":34},"end":{"line":84,"column":35}},"29":{"start":{"line":86,"column":4},"end":{"line":101,"column":5}},"30":{"start":{"line":86,"column":17},"end":{"line":86,"column":18}},"31":{"start":{"line":88,"column":6},"end":{"line":93,"column":7}},"32":{"start":{"line":89,"column":8},"end":{"line":92,"column":9}},"33":{"start":{"line":90,"column":10},"end":{"line":90,"column":32}},"34":{"start":{"line":91,"column":10},"end":{"line":91,"column":16}},"35":{"start":{"line":96,"column":6},"end":{"line":100,"column":7}},"36":{"start":{"line":99,"column":8},"end":{"line":99,"column":34}},"37":{"start":{"line":103,"column":4},"end":{"line":107,"column":5}},"38":{"start":{"line":104,"column":6},"end":{"line":104,"column":24}},"39":{"start":{"line":105,"column":11},"end":{"line":107,"column":5}},"40":{"start":{"line":106,"column":6},"end":{"line":106,"column":36}},"41":{"start":{"line":109,"column":4},"end":{"line":109,"column":22}},"42":{"start":{"line":113,"column":19},"end":{"line":113,"column":21}},"43":{"start":{"line":114,"column":23},"end":{"line":114,"column":27}},"44":{"start":{"line":115,"column":22},"end":{"line":115,"column":24}},"45":{"start":{"line":117,"column":4},"end":{"line":206,"column":5}},"46":{"start":{"line":118,"column":23},"end":{"line":118,"column":27}},"47":{"start":{"line":121,"column":6},"end":{"line":127,"column":7}},"48":{"start":{"line":122,"column":22},"end":{"line":122,"column":41}},"49":{"start":{"line":123,"column":8},"end":{"line":126,"column":9}},"50":{"start":{"line":124,"column":10},"end":{"line":124,"column":29}},"51":{"start":{"line":125,"column":10},"end":{"line":125,"column":16}},"52":{"start":{"line":129,"column":6},"end":{"line":151,"column":7}},"53":{"start":{"line":130,"column":8},"end":{"line":134,"column":9}},"54":{"start":{"line":131,"column":10},"end":{"line":131,"column":59}},"55":{"start":{"line":132,"column":10},"end":{"line":132,"column":36}},"56":{"start":{"line":133,"column":10},"end":{"line":133,"column":27}},"57":{"start":{"line":136,"column":8},"end":{"line":149,"column":10}},"58":{"start":{"line":150,"column":8},"end":{"line":150,"column":17}},"59":{"start":{"line":153,"column":6},"end":{"line":153,"column":34}},"60":{"start":{"line":153,"column":25},"end":{"line":153,"column":34}},"61":{"start":{"line":156,"column":29},"end":{"line":156,"column":64}},"62":{"start":{"line":157,"column":28},"end":{"line":157,"column":62}},"63":{"start":{"line":158,"column":24},"end":{"line":158,"column":54}},"64":{"start":{"line":159,"column":27},"end":{"line":159,"column":60}},"65":{"start":{"line":160,"column":26},"end":{"line":160,"column":58}},"66":{"start":{"line":161,"column":27},"end":{"line":161,"column":60}},"67":{"start":{"line":163,"column":6},"end":{"line":205,"column":7}},"68":{"start":{"line":164,"column":8},"end":{"line":164,"column":56}},"69":{"start":{"line":165,"column":13},"end":{"line":205,"column":7}},"70":{"start":{"line":166,"column":8},"end":{"line":166,"column":55}},"71":{"start":{"line":167,"column":8},"end":{"line":170,"column":11}},"72":{"start":{"line":171,"column":13},"end":{"line":205,"column":7}},"73":{"start":{"line":172,"column":22},"end":{"line":179,"column":10}},"74":{"start":{"line":173,"column":34},"end":{"line":173,"column":58}},"75":{"start":{"line":174,"column":10},"end":{"line":178,"column":12}},"76":{"start":{"line":180,"column":8},"end":{"line":180,"column":42}},"77":{"start":{"line":181,"column":13},"end":{"line":205,"column":7}},"78":{"start":{"line":182,"column":25},"end":{"line":189,"column":10}},"79":{"start":{"line":183,"column":34},"end":{"line":183,"column":61}},"80":{"start":{"line":184,"column":10},"end":{"line":188,"column":12}},"81":{"start":{"line":190,"column":8},"end":{"line":190,"column":48}},"82":{"start":{"line":191,"column":13},"end":{"line":205,"column":7}},"83":{"start":{"line":192,"column":23},"end":{"line":199,"column":10}},"84":{"start":{"line":193,"column":24},"end":{"line":193,"column":59}},"85":{"start":{"line":194,"column":10},"end":{"line":198,"column":12}},"86":{"start":{"line":200,"column":8},"end":{"line":200,"column":44}},"87":{"start":{"line":201,"column":13},"end":{"line":205,"column":7}},"88":{"start":{"line":202,"column":8},"end":{"line":202,"column":70}},"89":{"start":{"line":204,"column":8},"end":{"line":204,"column":31}},"90":{"start":{"line":209,"column":4},"end":{"line":212,"column":5}},"91":{"start":{"line":210,"column":6},"end":{"line":210,"column":55}},"92":{"start":{"line":211,"column":6},"end":{"line":211,"column":32}},"93":{"start":{"line":215,"column":4},"end":{"line":217,"column":7}},"94":{"start":{"line":216,"column":6},"end":{"line":216,"column":42}},"95":{"start":{"line":219,"column":4},"end":{"line":219,"column":18}},"96":{"start":{"line":223,"column":19},"end":{"line":223,"column":21}},"97":{"start":{"line":224,"column":23},"end":{"line":224,"column":27}},"98":{"start":{"line":225,"column":28},"end":{"line":225,"column":32}},"99":{"start":{"line":226,"column":29},"end":{"line":226,"column":33}},"100":{"start":{"line":227,"column":32},"end":{"line":227,"column":37}},"101":{"start":{"line":228,"column":22},"end":{"line":228,"column":24}},"102":{"start":{"line":230,"column":4},"end":{"line":343,"column":5}},"103":{"start":{"line":230,"column":17},"end":{"line":230,"column":18}},"104":{"start":{"line":231,"column":19},"end":{"line":231,"column":27}},"105":{"start":{"line":234,"column":32},"end":{"line":234,"column":70}},"106":{"start":{"line":235,"column":6},"end":{"line":240,"column":7}},"107":{"start":{"line":236,"column":8},"end":{"line":236,"column":56}},"108":{"start":{"line":237,"column":8},"end":{"line":237,"column":57}},"109":{"start":{"line":238,"column":8},"end":{"line":238,"column":37}},"110":{"start":{"line":239,"column":8},"end":{"line":239,"column":17}},"111":{"start":{"line":243,"column":6},"end":{"line":273,"column":7}},"112":{"start":{"line":244,"column":33},"end":{"line":244,"column":70}},"113":{"start":{"line":245,"column":8},"end":{"line":272,"column":9}},"114":{"start":{"line":247,"column":10},"end":{"line":251,"column":11}},"115":{"start":{"line":248,"column":12},"end":{"line":248,"column":61}},"116":{"start":{"line":249,"column":12},"end":{"line":249,"column":38}},"117":{"start":{"line":250,"column":12},"end":{"line":250,"column":29}},"118":{"start":{"line":253,"column":30},"end":{"line":253,"column":49}},"119":{"start":{"line":255,"column":10},"end":{"line":268,"column":12}},"120":{"start":{"line":270,"column":10},"end":{"line":270,"column":40}},"121":{"start":{"line":271,"column":10},"end":{"line":271,"column":19}},"122":{"start":{"line":275,"column":6},"end":{"line":278,"column":7}},"123":{"start":{"line":276,"column":8},"end":{"line":276,"column":38}},"124":{"start":{"line":277,"column":8},"end":{"line":277,"column":17}},"125":{"start":{"line":281,"column":29},"end":{"line":281,"column":64}},"126":{"start":{"line":282,"column":28},"end":{"line":282,"column":62}},"127":{"start":{"line":283,"column":24},"end":{"line":283,"column":54}},"128":{"start":{"line":284,"column":27},"end":{"line":284,"column":60}},"129":{"start":{"line":285,"column":26},"end":{"line":285,"column":58}},"130":{"start":{"line":286,"column":27},"end":{"line":286,"column":60}},"131":{"start":{"line":288,"column":6},"end":{"line":342,"column":7}},"132":{"start":{"line":289,"column":26},"end":{"line":289,"column":50}},"133":{"start":{"line":290,"column":8},"end":{"line":290,"column":41}},"134":{"start":{"line":293,"column":8},"end":{"line":299,"column":9}},"135":{"start":{"line":294,"column":10},"end":{"line":297,"column":13}},"136":{"start":{"line":298,"column":10},"end":{"line":298,"column":14}},"137":{"start":{"line":300,"column":13},"end":{"line":342,"column":7}},"138":{"start":{"line":301,"column":26},"end":{"line":301,"column":49}},"139":{"start":{"line":302,"column":21},"end":{"line":302,"column":44}},"140":{"start":{"line":303,"column":8},"end":{"line":303,"column":41}},"141":{"start":{"line":304,"column":8},"end":{"line":307,"column":11}},"142":{"start":{"line":308,"column":13},"end":{"line":342,"column":7}},"143":{"start":{"line":309,"column":22},"end":{"line":316,"column":10}},"144":{"start":{"line":310,"column":34},"end":{"line":310,"column":58}},"145":{"start":{"line":311,"column":10},"end":{"line":315,"column":12}},"146":{"start":{"line":317,"column":8},"end":{"line":317,"column":42}},"147":{"start":{"line":318,"column":13},"end":{"line":342,"column":7}},"148":{"start":{"line":319,"column":25},"end":{"line":326,"column":10}},"149":{"start":{"line":320,"column":34},"end":{"line":320,"column":61}},"150":{"start":{"line":321,"column":10},"end":{"line":325,"column":12}},"151":{"start":{"line":327,"column":8},"end":{"line":327,"column":48}},"152":{"start":{"line":328,"column":13},"end":{"line":342,"column":7}},"153":{"start":{"line":329,"column":23},"end":{"line":336,"column":10}},"154":{"start":{"line":330,"column":24},"end":{"line":330,"column":59}},"155":{"start":{"line":331,"column":10},"end":{"line":335,"column":12}},"156":{"start":{"line":337,"column":8},"end":{"line":337,"column":44}},"157":{"start":{"line":338,"column":13},"end":{"line":342,"column":7}},"158":{"start":{"line":339,"column":8},"end":{"line":339,"column":70}},"159":{"start":{"line":341,"column":8},"end":{"line":341,"column":31}},"160":{"start":{"line":346,"column":4},"end":{"line":349,"column":5}},"161":{"start":{"line":347,"column":6},"end":{"line":347,"column":55}},"162":{"start":{"line":348,"column":6},"end":{"line":348,"column":32}},"163":{"start":{"line":352,"column":4},"end":{"line":354,"column":7}},"164":{"start":{"line":353,"column":6},"end":{"line":353,"column":42}},"165":{"start":{"line":356,"column":4},"end":{"line":356,"column":18}},"166":{"start":{"line":361,"column":4},"end":{"line":365,"column":5}},"167":{"start":{"line":361,"column":17},"end":{"line":361,"column":18}},"168":{"start":{"line":362,"column":6},"end":{"line":364,"column":7}},"169":{"start":{"line":363,"column":8},"end":{"line":363,"column":24}},"170":{"start":{"line":366,"column":4},"end":{"line":366,"column":29}},"171":{"start":{"line":371,"column":27},"end":{"line":371,"column":73}},"172":{"start":{"line":372,"column":4},"end":{"line":377,"column":5}},"173":{"start":{"line":372,"column":17},"end":{"line":372,"column":18}},"174":{"start":{"line":373,"column":20},"end":{"line":373,"column":50}},"175":{"start":{"line":374,"column":6},"end":{"line":376,"column":7}},"176":{"start":{"line":375,"column":8},"end":{"line":375,"column":24}},"177":{"start":{"line":378,"column":4},"end":{"line":378,"column":17}},"178":{"start":{"line":382,"column":0},"end":{"line":382,"column":36}}},"fnMap":{"0":{"name":"(anonymous_0)","decl":{"start":{"line":5,"column":2},"end":{"line":5,"column":3}},"loc":{"start":{"line":5,"column":16},"end":{"line":27,"column":3}},"line":5},"1":{"name":"(anonymous_1)","decl":{"start":{"line":29,"column":2},"end":{"line":29,"column":3}},"loc":{"start":{"line":29,"column":24},"end":{"line":79,"column":3}},"line":29},"2":{"name":"(anonymous_2)","decl":{"start":{"line":37,"column":13},"end":{"line":37,"column":14}},"loc":{"start":{"line":37,"column":21},"end":{"line":37,"column":32}},"line":37},"3":{"name":"(anonymous_3)","decl":{"start":{"line":38,"column":16},"end":{"line":38,"column":17}},"loc":{"start":{"line":38,"column":24},"end":{"line":38,"column":39}},"line":38},"4":{"name":"(anonymous_4)","decl":{"start":{"line":59,"column":21},"end":{"line":59,"column":22}},"loc":{"start":{"line":59,"column":30},"end":{"line":62,"column":7}},"line":59},"5":{"name":"(anonymous_5)","decl":{"start":{"line":60,"column":27},"end":{"line":60,"column":28}},"loc":{"start":{"line":60,"column":40},"end":{"line":60,"column":71}},"line":60},"6":{"name":"(anonymous_6)","decl":{"start":{"line":81,"column":2},"end":{"line":81,"column":3}},"loc":{"start":{"line":81,"column":29},"end":{"line":110,"column":3}},"line":81},"7":{"name":"(anonymous_7)","decl":{"start":{"line":112,"column":2},"end":{"line":112,"column":3}},"loc":{"start":{"line":112,"column":30},"end":{"line":220,"column":3}},"line":112},"8":{"name":"(anonymous_8)","decl":{"start":{"line":172,"column":50},"end":{"line":172,"column":51}},"loc":{"start":{"line":172,"column":58},"end":{"line":179,"column":9}},"line":172},"9":{"name":"(anonymous_9)","decl":{"start":{"line":182,"column":56},"end":{"line":182,"column":57}},"loc":{"start":{"line":182,"column":67},"end":{"line":189,"column":9}},"line":182},"10":{"name":"(anonymous_10)","decl":{"start":{"line":192,"column":53},"end":{"line":192,"column":54}},"loc":{"start":{"line":192,"column":62},"end":{"line":199,"column":9}},"line":192},"11":{"name":"(anonymous_11)","decl":{"start":{"line":215,"column":19},"end":{"line":215,"column":20}},"loc":{"start":{"line":215,"column":28},"end":{"line":217,"column":5}},"line":215},"12":{"name":"(anonymous_12)","decl":{"start":{"line":222,"column":2},"end":{"line":222,"column":3}},"loc":{"start":{"line":222,"column":40},"end":{"line":357,"column":3}},"line":222},"13":{"name":"(anonymous_13)","decl":{"start":{"line":309,"column":50},"end":{"line":309,"column":51}},"loc":{"start":{"line":309,"column":58},"end":{"line":316,"column":9}},"line":309},"14":{"name":"(anonymous_14)","decl":{"start":{"line":319,"column":56},"end":{"line":319,"column":57}},"loc":{"start":{"line":319,"column":67},"end":{"line":326,"column":9}},"line":319},"15":{"name":"(anonymous_15)","decl":{"start":{"line":329,"column":53},"end":{"line":329,"column":54}},"loc":{"start":{"line":329,"column":62},"end":{"line":336,"column":9}},"line":329},"16":{"name":"(anonymous_16)","decl":{"start":{"line":352,"column":19},"end":{"line":352,"column":20}},"loc":{"start":{"line":352,"column":28},"end":{"line":354,"column":5}},"line":352},"17":{"name":"(anonymous_17)","decl":{"start":{"line":359,"column":2},"end":{"line":359,"column":3}},"loc":{"start":{"line":359,"column":22},"end":{"line":367,"column":3}},"line":359},"18":{"name":"(anonymous_18)","decl":{"start":{"line":369,"column":2},"end":{"line":369,"column":3}},"loc":{"start":{"line":369,"column":24},"end":{"line":379,"column":3}},"line":369}},"branchMap":{"0":{"loc":{"start":{"line":46,"column":6},"end":{"line":53,"column":7}},"type":"if","locations":[{"start":{"line":46,"column":6},"end":{"line":53,"column":7}},{"start":{"line":48,"column":13},"end":{"line":53,"column":7}}],"line":46},"1":{"loc":{"start":{"line":48,"column":13},"end":{"line":53,"column":7}},"type":"if","locations":[{"start":{"line":48,"column":13},"end":{"line":53,"column":7}},{"start":{"line":50,"column":13},"end":{"line":53,"column":7}}],"line":48},"2":{"loc":{"start":{"line":89,"column":8},"end":{"line":92,"column":9}},"type":"if","locations":[{"start":{"line":89,"column":8},"end":{"line":92,"column":9}},{"start":{},"end":{}}],"line":89},"3":{"loc":{"start":{"line":96,"column":6},"end":{"line":100,"column":7}},"type":"if","locations":[{"start":{"line":96,"column":6},"end":{"line":100,"column":7}},{"start":{},"end":{}}],"line":96},"4":{"loc":{"start":{"line":96,"column":10},"end":{"line":98,"column":52}},"type":"binary-expr","locations":[{"start":{"line":96,"column":10},"end":{"line":96,"column":51}},{"start":{"line":97,"column":10},"end":{"line":97,"column":28}},{"start":{"line":98,"column":10},"end":{"line":98,"column":52}}],"line":96},"5":{"loc":{"start":{"line":103,"column":4},"end":{"line":107,"column":5}},"type":"if","locations":[{"start":{"line":103,"column":4},"end":{"line":107,"column":5}},{"start":{"line":105,"column":11},"end":{"line":107,"column":5}}],"line":103},"6":{"loc":{"start":{"line":105,"column":11},"end":{"line":107,"column":5}},"type":"if","locations":[{"start":{"line":105,"column":11},"end":{"line":107,"column":5}},{"start":{},"end":{}}],"line":105},"7":{"loc":{"start":{"line":123,"column":8},"end":{"line":126,"column":9}},"type":"if","locations":[{"start":{"line":123,"column":8},"end":{"line":126,"column":9}},{"start":{},"end":{}}],"line":123},"8":{"loc":{"start":{"line":129,"column":6},"end":{"line":151,"column":7}},"type":"if","locations":[{"start":{"line":129,"column":6},"end":{"line":151,"column":7}},{"start":{},"end":{}}],"line":129},"9":{"loc":{"start":{"line":130,"column":8},"end":{"line":134,"column":9}},"type":"if","locations":[{"start":{"line":130,"column":8},"end":{"line":134,"column":9}},{"start":{},"end":{}}],"line":130},"10":{"loc":{"start":{"line":153,"column":6},"end":{"line":153,"column":34}},"type":"if","locations":[{"start":{"line":153,"column":6},"end":{"line":153,"column":34}},{"start":{},"end":{}}],"line":153},"11":{"loc":{"start":{"line":163,"column":6},"end":{"line":205,"column":7}},"type":"if","locations":[{"start":{"line":163,"column":6},"end":{"line":205,"column":7}},{"start":{"line":165,"column":13},"end":{"line":205,"column":7}}],"line":163},"12":{"loc":{"start":{"line":163,"column":10},"end":{"line":163,"column":47}},"type":"binary-expr","locations":[{"start":{"line":163,"column":10},"end":{"line":163,"column":24}},{"start":{"line":163,"column":28},"end":{"line":163,"column":47}}],"line":163},"13":{"loc":{"start":{"line":165,"column":13},"end":{"line":205,"column":7}},"type":"if","locations":[{"start":{"line":165,"column":13},"end":{"line":205,"column":7}},{"start":{"line":171,"column":13},"end":{"line":205,"column":7}}],"line":165},"14":{"loc":{"start":{"line":171,"column":13},"end":{"line":205,"column":7}},"type":"if","locations":[{"start":{"line":171,"column":13},"end":{"line":205,"column":7}},{"start":{"line":181,"column":13},"end":{"line":205,"column":7}}],"line":171},"15":{"loc":{"start":{"line":181,"column":13},"end":{"line":205,"column":7}},"type":"if","locations":[{"start":{"line":181,"column":13},"end":{"line":205,"column":7}},{"start":{"line":191,"column":13},"end":{"line":205,"column":7}}],"line":181},"16":{"loc":{"start":{"line":191,"column":13},"end":{"line":205,"column":7}},"type":"if","locations":[{"start":{"line":191,"column":13},"end":{"line":205,"column":7}},{"start":{"line":201,"column":13},"end":{"line":205,"column":7}}],"line":191},"17":{"loc":{"start":{"line":196,"column":22},"end":{"line":196,"column":55}},"type":"cond-expr","locations":[{"start":{"line":196,"column":33},"end":{"line":196,"column":51}},{"start":{"line":196,"column":54},"end":{"line":196,"column":55}}],"line":196},"18":{"loc":{"start":{"line":201,"column":13},"end":{"line":205,"column":7}},"type":"if","locations":[{"start":{"line":201,"column":13},"end":{"line":205,"column":7}},{"start":{"line":203,"column":13},"end":{"line":205,"column":7}}],"line":201},"19":{"loc":{"start":{"line":209,"column":4},"end":{"line":212,"column":5}},"type":"if","locations":[{"start":{"line":209,"column":4},"end":{"line":212,"column":5}},{"start":{},"end":{}}],"line":209},"20":{"loc":{"start":{"line":235,"column":6},"end":{"line":240,"column":7}},"type":"if","locations":[{"start":{"line":235,"column":6},"end":{"line":240,"column":7}},{"start":{},"end":{}}],"line":235},"21":{"loc":{"start":{"line":243,"column":6},"end":{"line":273,"column":7}},"type":"if","locations":[{"start":{"line":243,"column":6},"end":{"line":273,"column":7}},{"start":{},"end":{}}],"line":243},"22":{"loc":{"start":{"line":245,"column":8},"end":{"line":272,"column":9}},"type":"if","locations":[{"start":{"line":245,"column":8},"end":{"line":272,"column":9}},{"start":{},"end":{}}],"line":245},"23":{"loc":{"start":{"line":247,"column":10},"end":{"line":251,"column":11}},"type":"if","locations":[{"start":{"line":247,"column":10},"end":{"line":251,"column":11}},{"start":{},"end":{}}],"line":247},"24":{"loc":{"start":{"line":275,"column":6},"end":{"line":278,"column":7}},"type":"if","locations":[{"start":{"line":275,"column":6},"end":{"line":278,"column":7}},{"start":{},"end":{}}],"line":275},"25":{"loc":{"start":{"line":288,"column":6},"end":{"line":342,"column":7}},"type":"if","locations":[{"start":{"line":288,"column":6},"end":{"line":342,"column":7}},{"start":{"line":300,"column":13},"end":{"line":342,"column":7}}],"line":288},"26":{"loc":{"start":{"line":288,"column":10},"end":{"line":288,"column":47}},"type":"binary-expr","locations":[{"start":{"line":288,"column":10},"end":{"line":288,"column":24}},{"start":{"line":288,"column":28},"end":{"line":288,"column":47}}],"line":288},"27":{"loc":{"start":{"line":293,"column":8},"end":{"line":299,"column":9}},"type":"if","locations":[{"start":{"line":293,"column":8},"end":{"line":299,"column":9}},{"start":{},"end":{}}],"line":293},"28":{"loc":{"start":{"line":293,"column":12},"end":{"line":293,"column":80}},"type":"binary-expr","locations":[{"start":{"line":293,"column":12},"end":{"line":293,"column":32}},{"start":{"line":293,"column":36},"end":{"line":293,"column":80}}],"line":293},"29":{"loc":{"start":{"line":300,"column":13},"end":{"line":342,"column":7}},"type":"if","locations":[{"start":{"line":300,"column":13},"end":{"line":342,"column":7}},{"start":{"line":308,"column":13},"end":{"line":342,"column":7}}],"line":300},"30":{"loc":{"start":{"line":308,"column":13},"end":{"line":342,"column":7}},"type":"if","locations":[{"start":{"line":308,"column":13},"end":{"line":342,"column":7}},{"start":{"line":318,"column":13},"end":{"line":342,"column":7}}],"line":308},"31":{"loc":{"start":{"line":318,"column":13},"end":{"line":342,"column":7}},"type":"if","locations":[{"start":{"line":318,"column":13},"end":{"line":342,"column":7}},{"start":{"line":328,"column":13},"end":{"line":342,"column":7}}],"line":318},"32":{"loc":{"start":{"line":328,"column":13},"end":{"line":342,"column":7}},"type":"if","locations":[{"start":{"line":328,"column":13},"end":{"line":342,"column":7}},{"start":{"line":338,"column":13},"end":{"line":342,"column":7}}],"line":328},"33":{"loc":{"start":{"line":333,"column":22},"end":{"line":333,"column":55}},"type":"cond-expr","locations":[{"start":{"line":333,"column":33},"end":{"line":333,"column":51}},{"start":{"line":333,"column":54},"end":{"line":333,"column":55}}],"line":333},"34":{"loc":{"start":{"line":338,"column":13},"end":{"line":342,"column":7}},"type":"if","locations":[{"start":{"line":338,"column":13},"end":{"line":342,"column":7}},{"start":{"line":340,"column":13},"end":{"line":342,"column":7}}],"line":338},"35":{"loc":{"start":{"line":346,"column":4},"end":{"line":349,"column":5}},"type":"if","locations":[{"start":{"line":346,"column":4},"end":{"line":349,"column":5}},{"start":{},"end":{}}],"line":346},"36":{"loc":{"start":{"line":362,"column":6},"end":{"line":364,"column":7}},"type":"if","locations":[{"start":{"line":362,"column":6},"end":{"line":364,"column":7}},{"start":{},"end":{}}],"line":362},"37":{"loc":{"start":{"line":362,"column":10},"end":{"line":362,"column":68}},"type":"binary-expr","locations":[{"start":{"line":362,"column":10},"end":{"line":362,"column":45}},{"start":{"line":362,"column":49},"end":{"line":362,"column":68}}],"line":362},"38":{"loc":{"start":{"line":374,"column":6},"end":{"line":376,"column":7}},"type":"if","locations":[{"start":{"line":374,"column":6},"end":{"line":376,"column":7}},{"start":{},"end":{}}],"line":374}},"s":{"0":1,"1":1,"2":1,"3":4,"4":4,"5":3,"6":3,"7":20112,"8":20112,"9":3,"10":3,"11":3,"12":3,"13":0,"14":3,"15":3,"16":0,"17":0,"18":3,"19":3,"20":3,"21":303,"22":354,"23":303,"24":3,"25":1,"26":1,"27":3,"28":3,"29":3,"30":3,"31":300,"32":600,"33":0,"34":0,"35":300,"36":3,"37":3,"38":0,"39":3,"40":3,"41":0,"42":0,"43":0,"44":0,"45":0,"46":0,"47":0,"48":0,"49":0,"50":0,"51":0,"52":0,"53":0,"54":0,"55":0,"56":0,"57":0,"58":0,"59":0,"60":0,"61":0,"62":0,"63":0,"64":0,"65":0,"66":0,"67":0,"68":0,"69":0,"70":0,"71":0,"72":0,"73":0,"74":0,"75":0,"76":0,"77":0,"78":0,"79":0,"80":0,"81":0,"82":0,"83":0,"84":0,"85":0,"86":0,"87":0,"88":0,"89":0,"90":0,"91":0,"92":0,"93":0,"94":0,"95":0,"96":3,"97":3,"98":3,"99":3,"100":3,"101":3,"102":3,"103":3,"104":19647,"105":19647,"106":19647,"107":306,"108":306,"109":306,"110":306,"111":19341,"112":534,"113":534,"114":303,"115":300,"116":300,"117":300,"118":303,"119":303,"120":303,"121":303,"122":19038,"123":9,"124":9,"125":19029,"126":19029,"127":19029,"128":19029,"129":19029,"130":19029,"131":19029,"132":12,"133":12,"134":12,"135":12,"136":12,"137":19017,"138":558,"139":558,"140":558,"141":558,"142":18459,"143":0,"144":0,"145":0,"146":0,"147":18459,"148":0,"149":0,"150":0,"151":0,"152":18459,"153":0,"154":0,"155":0,"156":0,"157":18459,"158":0,"159":18459,"160":3,"161":3,"162":3,"163":3,"164":303,"165":3,"166":3,"167":3,"168":3,"169":3,"170":0,"171":3,"172":3,"173":3,"174":6,"175":6,"176":3,"177":0,"178":1},"f":{"0":1,"1":4,"2":20112,"3":20112,"4":303,"5":354,"6":3,"7":0,"8":0,"9":0,"10":0,"11":0,"12":3,"13":0,"14":0,"15":0,"16":303,"17":3,"18":3},"b":{"0":[0,3],"1":[3,0],"2":[0,600],"3":[3,297],"4":[300,3,3],"5":[0,3],"6":[3,0],"7":[0,0],"8":[0,0],"9":[0,0],"10":[0,0],"11":[0,0],"12":[0,0],"13":[0,0],"14":[0,0],"15":[0,0],"16":[0,0],"17":[0,0],"18":[0,0],"19":[0,0],"20":[306,19341],"21":[534,18807],"22":[303,231],"23":[300,3],"24":[9,19029],"25":[12,19017],"26":[19029,2067],"27":[12,0],"28":[12,12],"29":[558,18459],"30":[0,18459],"31":[0,18459],"32":[0,18459],"33":[0,0],"34":[0,18459],"35":[3,0],"36":[3,0],"37":[3,3],"38":[3,3]},"inputSourceMap":null,"_coverageSchema":"1a1c01bbd47fc00a2c39e90264f33305004495a9","hash":"9fbb2d4a861640d92ae0e721b7444dd915686ae2"}
}
