TN:
SF:backend/src/utils/scriptParser.js
FN:5,(anonymous_0)
FN:29,(anonymous_1)
FN:37,(anonymous_2)
FN:38,(anonymous_3)
FN:59,(anonymous_4)
FN:60,(anonymous_5)
FN:81,(anonymous_6)
FN:112,(anonymous_7)
FN:172,(anonymous_8)
FN:182,(anonymous_9)
FN:192,(anonymous_10)
FN:215,(anonymous_11)
FN:222,(anonymous_12)
FN:309,(anonymous_13)
FN:319,(anonymous_14)
FN:329,(anonymous_15)
FN:352,(anonymous_16)
FN:359,(anonymous_17)
FN:369,(anonymous_18)
FNF:19
FNH:11
FNDA:1,(anonymous_0)
FNDA:4,(anonymous_1)
FNDA:20112,(anonymous_2)
FNDA:20112,(anonymous_3)
FNDA:303,(anonymous_4)
FNDA:354,(anonymous_5)
FNDA:3,(anonymous_6)
FNDA:0,(anonymous_7)
FNDA:0,(anonymous_8)
FNDA:0,(anonymous_9)
FNDA:0,(anonymous_10)
FNDA:0,(anonymous_11)
FNDA:3,(anonymous_12)
FNDA:0,(anonymous_13)
FNDA:0,(anonymous_14)
FNDA:0,(anonymous_15)
FNDA:303,(anonymous_16)
FNDA:3,(anonymous_17)
FNDA:3,(anonymous_18)
DA:1,1
DA:2,1
DA:7,1
DA:30,4
DA:31,4
DA:32,3
DA:34,3
DA:37,20112
DA:38,20112
DA:41,3
DA:42,3
DA:45,3
DA:46,3
DA:47,0
DA:48,3
DA:49,3
DA:51,0
DA:52,0
DA:56,3
DA:57,3
DA:59,3
DA:60,354
DA:61,303
DA:64,3
DA:76,1
DA:77,1
DA:83,3
DA:84,3
DA:86,3
DA:88,300
DA:89,600
DA:90,0
DA:91,0
DA:96,300
DA:99,3
DA:103,3
DA:104,0
DA:105,3
DA:106,3
DA:109,0
DA:113,0
DA:114,0
DA:115,0
DA:117,0
DA:118,0
DA:121,0
DA:122,0
DA:123,0
DA:124,0
DA:125,0
DA:129,0
DA:130,0
DA:131,0
DA:132,0
DA:133,0
DA:136,0
DA:150,0
DA:153,0
DA:156,0
DA:157,0
DA:158,0
DA:159,0
DA:160,0
DA:161,0
DA:163,0
DA:164,0
DA:165,0
DA:166,0
DA:167,0
DA:171,0
DA:172,0
DA:173,0
DA:174,0
DA:180,0
DA:181,0
DA:182,0
DA:183,0
DA:184,0
DA:190,0
DA:191,0
DA:192,0
DA:193,0
DA:194,0
DA:200,0
DA:201,0
DA:202,0
DA:204,0
DA:209,0
DA:210,0
DA:211,0
DA:215,0
DA:216,0
DA:219,0
DA:223,3
DA:224,3
DA:225,3
DA:226,3
DA:227,3
DA:228,3
DA:230,3
DA:231,19647
DA:234,19647
DA:235,19647
DA:236,306
DA:237,306
DA:238,306
DA:239,306
DA:243,19341
DA:244,534
DA:245,534
DA:247,303
DA:248,300
DA:249,300
DA:250,300
DA:253,303
DA:255,303
DA:270,303
DA:271,303
DA:275,19038
DA:276,9
DA:277,9
DA:281,19029
DA:282,19029
DA:283,19029
DA:284,19029
DA:285,19029
DA:286,19029
DA:288,19029
DA:289,12
DA:290,12
DA:293,12
DA:294,12
DA:298,12
DA:300,19017
DA:301,558
DA:302,558
DA:303,558
DA:304,558
DA:308,18459
DA:309,0
DA:310,0
DA:311,0
DA:317,0
DA:318,18459
DA:319,0
DA:320,0
DA:321,0
DA:327,0
DA:328,18459
DA:329,0
DA:330,0
DA:331,0
DA:337,0
DA:338,18459
DA:339,0
DA:341,18459
DA:346,3
DA:347,3
DA:348,3
DA:352,3
DA:353,303
DA:356,3
DA:361,3
DA:362,3
DA:363,3
DA:366,0
DA:371,3
DA:372,3
DA:373,6
DA:374,6
DA:375,3
DA:378,0
DA:382,1
LF:173
LH:98
BRDA:46,0,0,0
BRDA:46,0,1,3
BRDA:48,1,0,3
BRDA:48,1,1,0
BRDA:89,2,0,0
BRDA:89,2,1,600
BRDA:96,3,0,3
BRDA:96,3,1,297
BRDA:96,4,0,300
BRDA:96,4,1,3
BRDA:96,4,2,3
BRDA:103,5,0,0
BRDA:103,5,1,3
BRDA:105,6,0,3
BRDA:105,6,1,0
BRDA:123,7,0,0
BRDA:123,7,1,0
BRDA:129,8,0,0
BRDA:129,8,1,0
BRDA:130,9,0,0
BRDA:130,9,1,0
BRDA:153,10,0,0
BRDA:153,10,1,0
BRDA:163,11,0,0
BRDA:163,11,1,0
BRDA:163,12,0,0
BRDA:163,12,1,0
BRDA:165,13,0,0
BRDA:165,13,1,0
BRDA:171,14,0,0
BRDA:171,14,1,0
BRDA:181,15,0,0
BRDA:181,15,1,0
BRDA:191,16,0,0
BRDA:191,16,1,0
BRDA:196,17,0,0
BRDA:196,17,1,0
BRDA:201,18,0,0
BRDA:201,18,1,0
BRDA:209,19,0,0
BRDA:209,19,1,0
BRDA:235,20,0,306
BRDA:235,20,1,19341
BRDA:243,21,0,534
BRDA:243,21,1,18807
BRDA:245,22,0,303
BRDA:245,22,1,231
BRDA:247,23,0,300
BRDA:247,23,1,3
BRDA:275,24,0,9
BRDA:275,24,1,19029
BRDA:288,25,0,12
BRDA:288,25,1,19017
BRDA:288,26,0,19029
BRDA:288,26,1,2067
BRDA:293,27,0,12
BRDA:293,27,1,0
BRDA:293,28,0,12
BRDA:293,28,1,12
BRDA:300,29,0,558
BRDA:300,29,1,18459
BRDA:308,30,0,0
BRDA:308,30,1,18459
BRDA:318,31,0,0
BRDA:318,31,1,18459
BRDA:328,32,0,0
BRDA:328,32,1,18459
BRDA:333,33,0,0
BRDA:333,33,1,0
BRDA:338,34,0,0
BRDA:338,34,1,18459
BRDA:346,35,0,3
BRDA:346,35,1,0
BRDA:362,36,0,3
BRDA:362,36,1,0
BRDA:362,37,0,3
BRDA:362,37,1,3
BRDA:374,38,0,3
BRDA:374,38,1,3
BRF:79
BRH:39
end_of_record
